<?xml version="1.0" encoding="UTF-8"?>
<testng-results ignored="0" total="1" passed="1" failed="0" skipped="0">
  <reporter-output>
  </reporter-output>
  <suite started-at="2020-12-26T00:12:03 EST" name="Surefire suite" finished-at="2020-12-26T00:12:03 EST" duration-ms="132">
    <groups>
    </groups>
    <test started-at="2020-12-26T00:12:03 EST" name="Surefire test" finished-at="2020-12-26T00:12:03 EST" duration-ms="132">
      <class name="FreeCRM_Project.AppTest">
        <test-method signature="shouldAnswerWithTrue()" started-at="2020-12-26T00:12:03 EST" name="shouldAnswerWithTrue" finished-at="2020-12-26T00:12:03 EST" duration-ms="23" status="PASS">
          <reporter-output>
          </reporter-output>
        </test-method> <!-- shouldAnswerWithTrue -->
      </class> <!-- FreeCRM_Project.AppTest -->
    </test> <!-- Surefire test -->
  </suite> <!-- Surefire suite -->
</testng-results>
