<?xml version="1.0" encoding="UTF-8"?>
<!-- Generated by org.testng.reporters.JUnitXMLReporter -->
<testsuite ignored="2" hostname="LAPTOP-52LETVGJ" failures="0" tests="4" name="Default test" time="42.695" errors="0" timestamp="2020-12-27T00:07:24 EST">
  <testcase classname="com.qa.testCase.FormsPageTest" name="newFormsDetailsTest" time="0.627"/>
  <testcase classname="com.qa.testCase.FormsPageTest" name="newFormsDetailsTest" time="0.624"/>
  <testcase classname="com.qa.testCase.FormsPageTest" name="newFormsDetailsTest" time="0.644"/>
  <testcase classname="com.qa.testCase.FormsPageTest" name="newFormsDetailsTest" time="0.667"/>
  <testcase classname="com.qa.testCase.FormsPageTest" name="verifyTheFormsPageTest" time="0.0">
    <ignored/>
  </testcase> <!-- verifyTheFormsPageTest -->
  <testcase classname="com.qa.testCase.FormsPageTest" name="verifyTheSavedDetailsTest" time="0.0">
    <ignored/>
  </testcase> <!-- verifyTheSavedDetailsTest -->
</testsuite> <!-- Default test -->
